生成启动时间为 2015/9/24 22:26:41。
     1>项目“D:\iegad_framework\iegad_framework\iegad_framework.vcxproj”在节点 2 上(Rebuild 个目标)。
     1>ClCompile:
         C:\Program Files (x86)\Microsoft Visual Studio 12.0\VC\bin\CL.exe /c /I"C:\protobuf-2.6.1\src" /IF:\Tools\C++\boost_1_59_0 /I"F:\Tools\C++\glog-0.3.3\src\windows" /ZI /nologo /W3 /WX- /Od /Oy- /D WIN32 /D _DEBUG /D _CONSOLE /D _LIB /D _UNICODE /D UNICODE /Gm /EHsc /RTC1 /MTd /GS /fp:precise /Zc:wchar_t /Zc:forScope /Fo"Debug\\" /Fd"Debug\vc120.pdb" /Gd /TP /analyze- /errorReport:prompt msg_basic.pb.cc sqlite_helper.cpp tcp_mt_server.cpp TestMain.cpp
         TestMain.cpp
         Please define _WIN32_WINNT or _WIN32_WINDOWS appropriately. For example:
         - add -D_WIN32_WINNT=0x0501 to the compiler command line; or
         - add _WIN32_WINNT=0x0501 to your project's Preprocessor Definitions.
         Assuming _WIN32_WINNT=0x0501 (i.e. Windows XP target).
     1>f:\tools\c++\glog-0.3.3\src\windows\glog\logging.h(1158): warning C4251: “google::LogMessage::LogStream::streambuf_”: class“google::base_logging::LogStreamBuf”需要有 dll 接口由 class“google::LogMessage::LogStream”的客户端使用
                 f:\tools\c++\glog-0.3.3\src\windows\glog\logging.h(1088) : 参见“google::base_logging::LogStreamBuf”的声明
     1>d:\iegad_framework\iegad_framework\iegad_log.hpp(45): warning C4996: 'access': The POSIX name for this item is deprecated. Instead, use the ISO C++ conformant name: _access. See online help for details.
                 c:\program files (x86)\microsoft visual studio 12.0\vc\include\io.h(323) : 参见“access”的声明
         tcp_mt_server.cpp
         Please define _WIN32_WINNT or _WIN32_WINDOWS appropriately. For example:
         - add -D_WIN32_WINNT=0x0501 to the compiler command line; or
         - add _WIN32_WINNT=0x0501 to your project's Preprocessor Definitions.
         Assuming _WIN32_WINNT=0x0501 (i.e. Windows XP target).
         sqlite_helper.cpp
         msg_basic.pb.cc
     1>c:\program files (x86)\microsoft visual studio 12.0\vc\include\xutility(2132): warning C4996: 'std::_Copy_impl': Function call with parameters that may be unsafe - this call relies on the caller to check that the passed values are correct. To disable this warning, use -D_SCL_SECURE_NO_WARNINGS. See documentation on how to use Visual C++ 'Checked Iterators'
                 c:\program files (x86)\microsoft visual studio 12.0\vc\include\xutility(2113) : 参见“std::_Copy_impl”的声明
                 c:\protobuf-2.6.1\src\google\protobuf\repeated_field.h(842): 参见对正在编译的函数 模板 实例化“_OutIt std::copy<const Element[],Element[]>(_InIt,_InIt,_OutIt)”的引用
                 with
                 [
                     _OutIt=google::protobuf::uint64 []
         ,            Element=google::protobuf::uint64
         ,            _InIt=const google::protobuf::uint64 []
                 ]
                 c:\protobuf-2.6.1\src\google\protobuf\repeated_field.h(841): 编译类 模板 成员函数“void google::protobuf::internal::ElementCopier<Element,false>::operator ()(Element [],const Element [],int)”时
                 with
                 [
                     Element=google::protobuf::uint64
                 ]
                 c:\protobuf-2.6.1\src\google\protobuf\repeated_field.h(834): 参见对正在编译的函数 模板 实例化“void google::protobuf::internal::ElementCopier<Element,false>::operator ()(Element [],const Element [],int)”的引用
                 with
                 [
                     Element=google::protobuf::uint64
                 ]
                 c:\protobuf-2.6.1\src\google\protobuf\repeated_field.h(834): 参见对正在编译的类 模板 实例化“google::protobuf::internal::ElementCopier<Element,false>”的引用
                 with
                 [
                     Element=google::protobuf::uint64
                 ]
                 c:\protobuf-2.6.1\src\google\protobuf\repeated_field.h(833): 编译类 模板 成员函数“void google::protobuf::RepeatedField<google::protobuf::uint64>::CopyArray(Element [],const Element [],int)”时
                 with
                 [
                     Element=google::protobuf::uint64
                 ]
                 c:\protobuf-2.6.1\src\google\protobuf\repeated_field.h(828): 参见对正在编译的函数 模板 实例化“void google::protobuf::RepeatedField<google::protobuf::uint64>::CopyArray(Element [],const Element [],int)”的引用
                 with
                 [
                     Element=google::protobuf::uint64
                 ]
                 c:\protobuf-2.6.1\src\google\protobuf\repeated_field.h(827): 编译类 模板 成员函数“void google::protobuf::RepeatedField<google::protobuf::uint64>::MoveArray(Element [],Element [],int)”时
                 with
                 [
                     Element=google::protobuf::uint64
                 ]
                 c:\protobuf-2.6.1\src\google\protobuf\repeated_field.h(814): 参见对正在编译的函数 模板 实例化“void google::protobuf::RepeatedField<google::protobuf::uint64>::MoveArray(Element [],Element [],int)”的引用
                 with
                 [
                     Element=google::protobuf::uint64
                 ]
                 c:\protobuf-2.6.1\src\google\protobuf\repeated_field.h(806): 编译类 模板 成员函数“void google::protobuf::RepeatedField<google::protobuf::uint64>::Reserve(int)”时
                 c:\protobuf-2.6.1\src\google\protobuf\repeated_field.h(685): 参见对正在编译的函数 模板 实例化“void google::protobuf::RepeatedField<google::protobuf::uint64>::Reserve(int)”的引用
                 c:\protobuf-2.6.1\src\google\protobuf\repeated_field.h(631): 编译类 模板 成员函数“int google::protobuf::RepeatedField<google::protobuf::uint64>::size(void) const”时
                 c:\protobuf-2.6.1\src\google\protobuf\wire_format_lite_inl.h(276): 参见对正在编译的函数 模板 实例化“int google::protobuf::RepeatedField<google::protobuf::uint64>::size(void) const”的引用
                 c:\protobuf-2.6.1\src\google\protobuf\wire_format_lite_inl.h(256): 参见对正在编译的类 模板 实例化“google::protobuf::RepeatedField<google::protobuf::uint64>”的引用
                 c:\protobuf-2.6.1\src\google\protobuf\wire_format_lite_inl.h(309): 参见对正在编译的函数 模板 实例化“bool google::protobuf::internal::WireFormatLite::ReadRepeatedFixedSizePrimitive<google::protobuf::uint64,TYPE_FIXED64>(int,google::protobuf::uint32,google::protobuf::io::CodedInputStream *,google::protobuf::RepeatedField<google::protobuf::uint64> *)”的引用
                 c:\program files (x86)\microsoft visual studio 12.0\vc\include\xutility(2113) : 参见“std::_Copy_impl”的声明
         正在生成代码...
         C:\Program Files (x86)\Microsoft Visual Studio 12.0\VC\bin\CL.exe /c /I"C:\protobuf-2.6.1\src" /IF:\Tools\C++\boost_1_59_0 /I"F:\Tools\C++\glog-0.3.3\src\windows" /ZI /nologo /W3 /WX- /Od /Oy- /D WIN32 /D _DEBUG /D _CONSOLE /D _LIB /D _UNICODE /D UNICODE /Gm /EHsc /RTC1 /MTd /GS /fp:precise /Zc:wchar_t /Zc:forScope /Fo"Debug\\" /Fd"Debug\vc120.pdb" /Gd /TC /analyze- /errorReport:prompt sqlite3.c
         sqlite3.c
       Link:
         C:\Program Files (x86)\Microsoft Visual Studio 12.0\VC\bin\link.exe /ERRORREPORT:PROMPT /OUT:"D:\iegad_framework\Debug\iegad_framework.exe" /INCREMENTAL /NOLOGO /LIBPATH:"C:\protobuf-2.6.1\vsprojects\Debug" /LIBPATH:F:\Tools\C++\boost_1_59_0\stage\lib /LIBPATH:"F:\Tools\C++\glog-0.3.3\Debug" /MANIFEST /MANIFESTUAC:"level='asInvoker' uiAccess='false'" /manifest:embed /manifestinput:"C:\Program Files (x86)\Microsoft Visual Studio 12.0\VC\Include\Manifest\dpiaware.manifest" /DEBUG /PDB:"D:\iegad_framework\Debug\iegad_framework.pdb" /SUBSYSTEM:CONSOLE /TLBID:1 /DYNAMICBASE /NXCOMPAT /IMPLIB:"D:\iegad_framework\Debug\iegad_framework.lib" /MACHINE:X86 Debug\msg_basic.pb.obj
         Debug\sqlite3.obj
         Debug\sqlite_helper.obj
         Debug\tcp_mt_server.obj
         Debug\TestMain.obj
            正在创建库 D:\iegad_framework\Debug\iegad_framework.lib 和对象 D:\iegad_framework\Debug\iegad_framework.exp
     1>TestMain.obj : warning LNK4217: 本地定义的符号 ?setstate@?$basic_ios@DU?$char_traits@D@std@@@std@@QAEXH_N@Z (public: void __thiscall std::basic_ios<char,struct std::char_traits<char> >::setstate(int,bool)) 在函数 __catch$??$?6U?$char_traits@D@std@@@std@@YAAAV?$basic_ostream@DU?$char_traits@D@std@@@0@AAV10@PBD@Z$0 中导入
     1>TestMain.obj : warning LNK4217: 本地定义的符号 ?tie@?$basic_ios@DU?$char_traits@D@std@@@std@@QBEPAV?$basic_ostream@DU?$char_traits@D@std@@@2@XZ (public: class std::basic_ostream<char,struct std::char_traits<char> > * __thiscall std::basic_ios<char,struct std::char_traits<char> >::tie(void)const ) 在函数 "public: __thiscall std::basic_ostream<char,struct std::char_traits<char> >::sentry::sentry(class std::basic_ostream<char,struct std::char_traits<char> > &)" (??0sentry@?$basic_ostream@DU?$char_traits@D@std@@@std@@QAE@AAV12@@Z) 中导入
     1>TestMain.obj : warning LNK4217: 本地定义的符号 ?rdbuf@?$basic_ios@DU?$char_traits@D@std@@@std@@QBEPAV?$basic_streambuf@DU?$char_traits@D@std@@@2@XZ (public: class std::basic_streambuf<char,struct std::char_traits<char> > * __thiscall std::basic_ios<char,struct std::char_traits<char> >::rdbuf(void)const ) 在函数 "class std::basic_ostream<char,struct std::char_traits<char> > & __cdecl std::operator<<<struct std::char_traits<char> >(class std::basic_ostream<char,struct std::char_traits<char> > &,char const *)" (??$?6U?$char_traits@D@std@@@std@@YAAAV?$basic_ostream@DU?$char_traits@D@std@@@0@AAV10@PBD@Z) 中导入
     1>TestMain.obj : warning LNK4217: 本地定义的符号 ?fill@?$basic_ios@DU?$char_traits@D@std@@@std@@QBEDXZ (public: char __thiscall std::basic_ios<char,struct std::char_traits<char> >::fill(void)const ) 在函数 "class std::basic_ostream<char,struct std::char_traits<char> > & __cdecl std::operator<<<struct std::char_traits<char> >(class std::basic_ostream<char,struct std::char_traits<char> > &,char const *)" (??$?6U?$char_traits@D@std@@@std@@YAAAV?$basic_ostream@DU?$char_traits@D@std@@@0@AAV10@PBD@Z) 中导入
     1>TestMain.obj : warning LNK4217: 本地定义的符号 ?widen@?$basic_ios@DU?$char_traits@D@std@@@std@@QBEDD@Z (public: char __thiscall std::basic_ios<char,struct std::char_traits<char> >::widen(char)const ) 在函数 "class std::basic_ostream<char,struct std::char_traits<char> > & __cdecl std::endl<char,struct std::char_traits<char> >(class std::basic_ostream<char,struct std::char_traits<char> > &)" (??$endl@DU?$char_traits@D@std@@@std@@YAAAV?$basic_ostream@DU?$char_traits@D@std@@@0@AAV10@@Z) 中导入
     1>TestMain.obj : warning LNK4217: 本地定义的符号 ?_Osfx@?$basic_ostream@DU?$char_traits@D@std@@@std@@QAEXXZ (public: void __thiscall std::basic_ostream<char,struct std::char_traits<char> >::_Osfx(void)) 在函数 "public: __thiscall std::basic_ostream<char,struct std::char_traits<char> >::sentry::~sentry(void)" (??1sentry@?$basic_ostream@DU?$char_traits@D@std@@@std@@QAE@XZ) 中导入
     1>TestMain.obj : warning LNK4217: 本地定义的符号 ??6?$basic_ostream@DU?$char_traits@D@std@@@std@@QAEAAV01@P6AAAV01@AAV01@@Z@Z (public: class std::basic_ostream<char,struct std::char_traits<char> > & __thiscall std::basic_ostream<char,struct std::char_traits<char> >::operator<<(class std::basic_ostream<char,struct std::char_traits<char> > & (__cdecl*)(class std::basic_ostream<char,struct std::char_traits<char> > &))) 在函数 "int __cdecl callback_proc(int &)" (?callback_proc@@YAHAAH@Z) 中导入
     1>TestMain.obj : warning LNK4217: 本地定义的符号 ??6?$basic_ostream@DU?$char_traits@D@std@@@std@@QAEAAV01@H@Z (public: class std::basic_ostream<char,struct std::char_traits<char> > & __thiscall std::basic_ostream<char,struct std::char_traits<char> >::operator<<(int)) 在函数 "int __cdecl callback_proc(int &)" (?callback_proc@@YAHAAH@Z) 中导入
     1>TestMain.obj : warning LNK4217: 本地定义的符号 ?put@?$basic_ostream@DU?$char_traits@D@std@@@std@@QAEAAV12@D@Z (public: class std::basic_ostream<char,struct std::char_traits<char> > & __thiscall std::basic_ostream<char,struct std::char_traits<char> >::put(char)) 在函数 "class std::basic_ostream<char,struct std::char_traits<char> > & __cdecl std::endl<char,struct std::char_traits<char> >(class std::basic_ostream<char,struct std::char_traits<char> > &)" (??$endl@DU?$char_traits@D@std@@@std@@YAAAV?$basic_ostream@DU?$char_traits@D@std@@@0@AAV10@@Z) 中导入
     1>TestMain.obj : warning LNK4217: 本地定义的符号 ?flush@?$basic_ostream@DU?$char_traits@D@std@@@std@@QAEAAV12@XZ (public: class std::basic_ostream<char,struct std::char_traits<char> > & __thiscall std::basic_ostream<char,struct std::char_traits<char> >::flush(void)) 在函数 "class std::basic_ostream<char,struct std::char_traits<char> > & __cdecl std::endl<char,struct std::char_traits<char> >(class std::basic_ostream<char,struct std::char_traits<char> > &)" (??$endl@DU?$char_traits@D@std@@@std@@YAAAV?$basic_ostream@DU?$char_traits@D@std@@@0@AAV10@@Z) 中导入
     1>TestMain.obj : warning LNK4217: 本地定义的符号 ?InitGoogleLogging@google@@YAXPBD@Z (void __cdecl google::InitGoogleLogging(char const *)) 在函数 "public: __thiscall iegad::tools::_LOG::_LOG(char *)" (??0_LOG@tools@iegad@@QAE@PAD@Z) 中导入
     1>TestMain.obj : warning LNK4217: 本地定义的符号 ?ShutdownGoogleLogging@google@@YAXXZ (void __cdecl google::ShutdownGoogleLogging(void)) 在函数 "public: __thiscall iegad::tools::_LOG::~_LOG(void)" (??1_LOG@tools@iegad@@QAE@XZ) 中导入
     1>TestMain.obj : warning LNK4217: 本地定义的符号 ??0LogMessage@google@@QAE@PBDH@Z (public: __thiscall google::LogMessage::LogMessage(char const *,int)) 在函数 _main 中导入
     1>TestMain.obj : warning LNK4217: 本地定义的符号 ??0LogMessage@google@@QAE@PBDHH@Z (public: __thiscall google::LogMessage::LogMessage(char const *,int,int)) 在函数 _main 中导入
     1>TestMain.obj : warning LNK4217: 本地定义的符号 ??1LogMessage@google@@QAE@XZ (public: __thiscall google::LogMessage::~LogMessage(void)) 在函数 _main 中导入
     1>TestMain.obj : warning LNK4217: 本地定义的符号 ?stream@LogMessage@google@@QAEAAV?$basic_ostream@DU?$char_traits@D@std@@@std@@XZ (public: class std::basic_ostream<char,struct std::char_traits<char> > & __thiscall google::LogMessage::stream(void)) 在函数 _main 中导入
     1>TestMain.obj : warning LNK4217: 本地定义的符号 ?SetLogDestination@google@@YAXHPBD@Z (void __cdecl google::SetLogDestination(int,char const *)) 在函数 "public: __thiscall iegad::tools::_LOG::_LOG(char *)" (??0_LOG@tools@iegad@@QAE@PAD@Z) 中导入
     1>TestMain.obj : warning LNK4049: 已导入本地定义的符号 ?FLAGS_max_log_size@fLI@@3HA (int fLI::FLAGS_max_log_size)
         iegad_framework.vcxproj -> D:\iegad_framework\Debug\iegad_framework.exe
     1>已完成生成项目“D:\iegad_framework\iegad_framework\iegad_framework.vcxproj”(Rebuild 个目标)的操作。

生成成功。

已用时间 00:00:05.20
