生成启动时间为 2015/10/23 20:36:11。
     1>项目“D:\iegad_framework\libiegad\libi_common\libi_common.vcxproj”在节点 2 上(Rebuild 个目标)。
     1>ClCompile:
         C:\Program Files (x86)\Microsoft Visual Studio 12.0\VC\bin\CL.exe /c /IE:\library\boost_1_59_0 /I..\src /I..\third_party\include /ZI /nologo /W3 /WX- /Od /Oy- /D WIN32 /D _DEBUG /D _LIB /D _UNICODE /D UNICODE /Gm /EHsc /RTC1 /MTd /GS /fp:precise /Zc:wchar_t /Zc:forScope /Fo"Debug\\" /Fd"Debug\vc120.pdb" /Gd /TP /analyze- /errorReport:prompt ..\src\nets\basic_proxy.cpp ..\src\nets\basic_svc.cpp ..\src\nets\tcp_mt_svr.cpp ..\src\nets\udp_puller.cpp ..\src\nets\udp_pusher.cpp
         udp_pusher.cpp
         Please define _WIN32_WINNT or _WIN32_WINDOWS appropriately. For example:
         - add -D_WIN32_WINNT=0x0501 to the compiler command line; or
         - add _WIN32_WINNT=0x0501 to your project's Preprocessor Definitions.
         Assuming _WIN32_WINNT=0x0501 (i.e. Windows XP target).
     1>d:\iegad_framework\libiegad\third_party\include\glog\logging.h(1158): warning C4251: “google::LogMessage::LogStream::streambuf_”: class“google::base_logging::LogStreamBuf”需要有 dll 接口由 class“google::LogMessage::LogStream”的客户端使用
                 d:\iegad_framework\libiegad\third_party\include\glog\logging.h(1088) : 参见“google::base_logging::LogStreamBuf”的声明
         udp_puller.cpp
         Please define _WIN32_WINNT or _WIN32_WINDOWS appropriately. For example:
         - add -D_WIN32_WINNT=0x0501 to the compiler command line; or
         - add _WIN32_WINNT=0x0501 to your project's Preprocessor Definitions.
         Assuming _WIN32_WINNT=0x0501 (i.e. Windows XP target).
         tcp_mt_svr.cpp
         Please define _WIN32_WINNT or _WIN32_WINDOWS appropriately. For example:
         - add -D_WIN32_WINNT=0x0501 to the compiler command line; or
         - add _WIN32_WINNT=0x0501 to your project's Preprocessor Definitions.
         Assuming _WIN32_WINNT=0x0501 (i.e. Windows XP target).
     1>d:\iegad_framework\libiegad\third_party\include\glog\logging.h(141): warning C4005: “GOOGLE_PREDICT_TRUE”: 宏重定义
                 d:\iegad_framework\libiegad\third_party\include\google\protobuf\stubs\common.h(235) : 参见“GOOGLE_PREDICT_TRUE”的前一个定义
     1>d:\iegad_framework\libiegad\third_party\include\glog\logging.h(1158): warning C4251: “google::LogMessage::LogStream::streambuf_”: class“google::base_logging::LogStreamBuf”需要有 dll 接口由 class“google::LogMessage::LogStream”的客户端使用
                 d:\iegad_framework\libiegad\third_party\include\glog\logging.h(1088) : 参见“google::base_logging::LogStreamBuf”的声明
         basic_svc.cpp
         Please define _WIN32_WINNT or _WIN32_WINDOWS appropriately. For example:
         - add -D_WIN32_WINNT=0x0501 to the compiler command line; or
         - add _WIN32_WINNT=0x0501 to your project's Preprocessor Definitions.
         Assuming _WIN32_WINNT=0x0501 (i.e. Windows XP target).
         basic_proxy.cpp
         Please define _WIN32_WINNT or _WIN32_WINDOWS appropriately. For example:
         - add -D_WIN32_WINNT=0x0501 to the compiler command line; or
         - add _WIN32_WINNT=0x0501 to your project's Preprocessor Definitions.
         Assuming _WIN32_WINNT=0x0501 (i.e. Windows XP target).
     1>d:\iegad_framework\libiegad\third_party\include\glog\logging.h(141): warning C4005: “GOOGLE_PREDICT_TRUE”: 宏重定义
                 d:\iegad_framework\libiegad\third_party\include\google\protobuf\stubs\common.h(235) : 参见“GOOGLE_PREDICT_TRUE”的前一个定义
     1>d:\iegad_framework\libiegad\third_party\include\glog\logging.h(1158): warning C4251: “google::LogMessage::LogStream::streambuf_”: class“google::base_logging::LogStreamBuf”需要有 dll 接口由 class“google::LogMessage::LogStream”的客户端使用
                 d:\iegad_framework\libiegad\third_party\include\glog\logging.h(1088) : 参见“google::base_logging::LogStreamBuf”的声明
         正在生成代码...
     1>C:\Program Files (x86)\MSBuild\Microsoft.Cpp\v4.0\V120\Microsoft.CppBuild.targets(1361,5): warning MSB8012: TargetPath(D:\iegad_framework\libiegad\Debug\libiegad_nets.lib) does not match the Library's OutputFile property value (D:\iegad_framework\libiegad\lib\debug\libiegad_nets.lib). This may cause your project to build incorrectly. To correct this, please make sure that $(OutDir), $(TargetName) and $(TargetExt) property values match the value specified in %(Lib.OutputFile).
       Lib:
         C:\Program Files (x86)\Microsoft Visual Studio 12.0\VC\bin\Lib.exe /OUT:"..\lib\debug\libiegad_nets.lib" /NOLOGO Debug\basic_proxy.obj
         Debug\basic_svc.obj
         Debug\tcp_mt_svr.obj
         Debug\udp_puller.obj
         Debug\udp_pusher.obj
         libi_common.vcxproj -> D:\iegad_framework\libiegad\Debug\libiegad_nets.lib
     1>已完成生成项目“D:\iegad_framework\libiegad\libi_common\libi_common.vcxproj”(Rebuild 个目标)的操作。

生成成功。

已用时间 00:00:05.74
